# JRE version: Java(TM) SE Runtime Environment (8.0_65-b17) (build 1.8.0_65-b17)
# Java VM: Java HotSpot(TM) 64-Bit Server VM (25.65-b01 mixed mode windows-amd64 compressed oops)
Heap:
 PSYoungGen      total 214528K, used 49159K [0x000000076b180000, 0x000000077aa00000, 0x00000007c0000000)
  eden space 210432K, 21% used [0x000000076b180000,0x000000076dda1d88,0x0000000777f00000)
  from space 4096K, 96% used [0x0000000778400000,0x00000007787e0020,0x0000000778800000)
  to   space 22016K, 0% used [0x0000000779480000,0x0000000779480000,0x000000077aa00000)
 ParOldGen       total 248832K, used 32074K [0x00000006c1400000, 0x00000006d0700000, 0x000000076b180000)
  object space 248832K, 12% used [0x00000006c1400000,0x00000006c33529f8,0x00000006d0700000)
 Metaspace       used 61696K, capacity 64010K, committed 64128K, reserved 1105920K
  class space    used 7891K, capacity 8310K, committed 8320K, reserved 1048576K
GC Heap History (10 events):
Event: 43.843 GC heap before
{Heap before GC invocations=12 (full 2):
 PSYoungGen      total 203776K, used 203763K [0x000000076b180000, 0x000000077b400000, 0x00000007c0000000)
  eden space 188928K, 100% used [0x000000076b180000,0x0000000776a00000,0x0000000776a00000)
  from space 14848K, 99% used [0x0000000776a00000,0x000000077787cf68,0x0000000777880000)
  to   space 16896K, 0% used [0x000000077a380000,0x000000077a380000,0x000000077b400000)
 ParOldGen       total 174592K, used 20159K [0x00000006c1400000, 0x00000006cbe80000, 0x000000076b180000)
  object space 174592K, 11% used [0x00000006c1400000,0x00000006c27aff28,0x00000006cbe80000)
 Metaspace       used 54675K, capacity 56804K, committed 57088K, reserved 1099776K
  class space    used 7203K, capacity 7574K, committed 7680K, reserved 1048576K
Event: 43.868 GC heap after
Heap after GC invocations=12 (full 2):
 PSYoungGen      total 244736K, used 16865K [0x000000076b180000, 0x000000077b500000, 0x00000007c0000000)
  eden space 227840K, 0% used [0x000000076b180000,0x000000076b180000,0x0000000779000000)
  from space 16896K, 99% used [0x000000077a380000,0x000000077b3f8798,0x000000077b400000)
  to   space 18944K, 0% used [0x0000000779000000,0x0000000779000000,0x000000077a280000)
 ParOldGen       total 174592K, used 22429K [0x00000006c1400000, 0x00000006cbe80000, 0x000000076b180000)
  object space 174592K, 12% used [0x00000006c1400000,0x00000006c29e7728,0x00000006cbe80000)
 Metaspace       used 54675K, capacity 56804K, committed 57088K, reserved 1099776K
  class space    used 7203K, capacity 7574K, committed 7680K, reserved 1048576K
}
Event: 103.114 GC heap before
{Heap before GC invocations=13 (full 2):
 PSYoungGen      total 244736K, used 63265K [0x000000076b180000, 0x000000077b500000, 0x00000007c0000000)
  eden space 227840K, 20% used [0x000000076b180000,0x000000076decfdc8,0x0000000779000000)
  from space 16896K, 99% used [0x000000077a380000,0x000000077b3f8798,0x000000077b400000)
  to   space 18944K, 0% used [0x0000000779000000,0x0000000779000000,0x000000077a280000)
 ParOldGen       total 174592K, used 22429K [0x00000006c1400000, 0x00000006cbe80000, 0x000000076b180000)
  object space 174592K, 12% used [0x00000006c1400000,0x00000006c29e7728,0x00000006cbe80000)
 Metaspace       used 56863K, capacity 58970K, committed 59028K, reserved 1099776K
  class space    used 7525K, capacity 7905K, committed 7936K, reserved 1048576K
Event: 103.139 GC heap after
Heap after GC invocations=13 (full 2):
 PSYoungGen      total 240128K, used 18505K [0x000000076b180000, 0x000000077b280000, 0x00000007c0000000)
  eden space 221184K, 0% used [0x000000076b180000,0x000000076b180000,0x0000000778980000)
  from space 18944K, 97% used [0x0000000779000000,0x000000077a212428,0x000000077a280000)
  to   space 16384K, 0% used [0x000000077a280000,0x000000077a280000,0x000000077b280000)
 ParOldGen       total 174592K, used 22437K [0x00000006c1400000, 0x00000006cbe80000, 0x000000076b180000)
  object space 174592K, 12% used [0x00000006c1400000,0x00000006c29e9728,0x00000006cbe80000)
 Metaspace       used 56863K, capacity 58970K, committed 59028K, reserved 1099776K
  class space    used 7525K, capacity 7905K, committed 7936K, reserved 1048576K
}
Event: 103.139 GC heap before
{Heap before GC invocations=14 (full 3):
 PSYoungGen      total 240128K, used 18505K [0x000000076b180000, 0x000000077b280000, 0x00000007c0000000)
  eden space 221184K, 0% used [0x000000076b180000,0x000000076b180000,0x0000000778980000)
  from space 18944K, 97% used [0x0000000779000000,0x000000077a212428,0x000000077a280000)
  to   space 16384K, 0% used [0x000000077a280000,0x000000077a280000,0x000000077b280000)
 ParOldGen       total 174592K, used 22437K [0x00000006c1400000, 0x00000006cbe80000, 0x000000076b180000)
  object space 174592K, 12% used [0x00000006c1400000,0x00000006c29e9728,0x00000006cbe80000)
 Metaspace       used 56863K, capacity 58970K, committed 59028K, reserved 1099776K
  class space    used 7525K, capacity 7905K, committed 7936K, reserved 1048576K
Event: 103.312 GC heap after
Heap after GC invocations=14 (full 3):
 PSYoungGen      total 240128K, used 0K [0x000000076b180000, 0x000000077b280000, 0x00000007c0000000)
  eden space 221184K, 0% used [0x000000076b180000,0x000000076b180000,0x0000000778980000)
  from space 18944K, 0% used [0x0000000779000000,0x0000000779000000,0x000000077a280000)
  to   space 16384K, 0% used [0x000000077a280000,0x000000077a280000,0x000000077b280000)
 ParOldGen       total 248832K, used 32058K [0x00000006c1400000, 0x00000006d0700000, 0x000000076b180000)
  object space 248832K, 12% used [0x00000006c1400000,0x00000006c334e9f8,0x00000006d0700000)
 Metaspace       used 56863K, capacity 58970K, committed 59028K, reserved 1099776K
  class space    used 7525K, capacity 7905K, committed 7936K, reserved 1048576K
}
Event: 7485.860 GC heap before
{Heap before GC invocations=15 (full 3):
 PSYoungGen      total 240128K, used 221184K [0x000000076b180000, 0x000000077b280000, 0x00000007c0000000)
  eden space 221184K, 100% used [0x000000076b180000,0x0000000778980000,0x0000000778980000)
  from space 18944K, 0% used [0x0000000779000000,0x0000000779000000,0x000000077a280000)
  to   space 16384K, 0% used [0x000000077a280000,0x000000077a280000,0x000000077b280000)
 ParOldGen       total 248832K, used 32058K [0x00000006c1400000, 0x00000006d0700000, 0x000000076b180000)
  object space 248832K, 12% used [0x00000006c1400000,0x00000006c334e9f8,0x00000006d0700000)
 Metaspace       used 61272K, capacity 63544K, committed 63616K, reserved 1103872K
  class space    used 7888K, capacity 8307K, committed 8320K, reserved 1048576K
Event: 7485.893 GC heap after
Heap after GC invocations=15 (full 3):
 PSYoungGen      total 227328K, used 5641K [0x000000076b180000, 0x000000077ae00000, 0x00000007c0000000)
  eden space 215552K, 0% used [0x000000076b180000,0x000000076b180000,0x0000000778400000)
  from space 11776K, 47% used [0x000000077a280000,0x000000077a802418,0x000000077ae00000)
  to   space 21504K, 0% used [0x0000000778400000,0x0000000778400000,0x0000000779900000)
 ParOldGen       total 248832K, used 32066K [0x00000006c1400000, 0x00000006d0700000, 0x000000076b180000)
  object space 248832K, 12% used [0x00000006c1400000,0x00000006c33509f8,0x00000006d0700000)
 Metaspace       used 61272K, capacity 63544K, committed 63616K, reserved 1103872K
  class space    used 7888K, capacity 8307K, committed 8320K, reserved 1048576K
}
Event: 13817.999 GC heap before
{Heap before GC invocations=16 (full 3):
 PSYoungGen      total 227328K, used 221193K [0x000000076b180000, 0x000000077ae00000, 0x00000007c0000000)
  eden space 215552K, 100% used [0x000000076b180000,0x0000000778400000,0x0000000778400000)
  from space 11776K, 47% used [0x000000077a280000,0x000000077a802418,0x000000077ae00000)
  to   space 21504K, 0% used [0x0000000778400000,0x0000000778400000,0x0000000779900000)
 ParOldGen       total 248832K, used 32066K [0x00000006c1400000, 0x00000006d0700000, 0x000000076b180000)
  object space 248832K, 12% used [0x00000006c1400000,0x00000006c33509f8,0x00000006d0700000)
 Metaspace       used 61683K, capacity 64010K, committed 64128K, reserved 1105920K
  class space    used 7891K, capacity 8310K, committed 8320K, reserved 1048576K
Event: 13818.046 GC heap after
Heap after GC invocations=16 (full 3):
 PSYoungGen      total 214528K, used 3968K [0x000000076b180000, 0x000000077aa00000, 0x00000007c0000000)
  eden space 210432K, 0% used [0x000000076b180000,0x000000076b180000,0x0000000777f00000)
  from space 4096K, 96% used [0x0000000778400000,0x00000007787e0020,0x0000000778800000)
  to   space 22016K, 0% used [0x0000000779480000,0x0000000779480000,0x000000077aa00000)
 ParOldGen       total 248832K, used 32074K [0x00000006c1400000, 0x00000006d0700000, 0x000000076b180000)
  object space 248832K, 12% used [0x00000006c1400000,0x00000006c33529f8,0x00000006d0700000)
 Metaspace       used 61683K, capacity 64010K, committed 64128K, reserved 1105920K
  class space    used 7891K, capacity 8310K, committed 8320K, reserved 1048576K
}

